<?xml version="1.0" encoding="UTF-8"?>
<!-- Generated by org.testng.reporters.JUnitReportReporter -->
<testsuite hostname="DESKTOP-1PD6SIC" failures="0" tests="1" name="com.TestToolsQA.TestToolsUTRLPage" time="11.027" errors="0" timestamp="2024-06-16T15:01:39 IST" skipped="0">
  <testcase classname="com.TestToolsQA.TestToolsUTRLPage" name="TestMainPage" time="11.027"/>
  <system-out/>
</testsuite> <!-- com.TestToolsQA.TestToolsUTRLPage -->
